0 info it worked if it ends with ok
1 verbose cli [ '/usr/local/bin/node', '/usr/local/bin/npm', 'run', 'e2e' ]
2 info using npm@3.5.0
3 info using node@v5.1.0
4 verbose run-script [ 'pree2e', 'e2e', 'poste2e' ]
5 info lifecycle simple-blog-system@0.0.0~pree2e: simple-blog-system@0.0.0
6 silly lifecycle simple-blog-system@0.0.0~pree2e: no script for pree2e, continuing
7 info lifecycle simple-blog-system@0.0.0~e2e: simple-blog-system@0.0.0
8 verbose lifecycle simple-blog-system@0.0.0~e2e: unsafe-perm in lifecycle true
9 verbose lifecycle simple-blog-system@0.0.0~e2e: PATH: /usr/local/lib/node_modules/npm/bin/node-gyp-bin:/home/dylan/Desktop/simple-blog-system/node_modules/.bin:/home/dylan/.autojump/bin:/usr/local/sbin:/usr/local/bin:/usr/sbin:/usr/bin:/sbin:/bin:/usr/games:/usr/local/games
10 verbose lifecycle simple-blog-system@0.0.0~e2e: CWD: /home/dylan/Desktop/simple-blog-system
11 silly lifecycle simple-blog-system@0.0.0~e2e: Args: [ '-c', 'protractor test/protractor-conf.js' ]
12 silly lifecycle simple-blog-system@0.0.0~e2e: Returned: code: 1  signal: null
13 info lifecycle simple-blog-system@0.0.0~e2e: Failed to exec e2e script
14 verbose stack Error: simple-blog-system@0.0.0 e2e: `protractor test/protractor-conf.js`
14 verbose stack Exit status 1
14 verbose stack     at EventEmitter.<anonymous> (/usr/local/lib/node_modules/npm/lib/utils/lifecycle.js:232:16)
14 verbose stack     at emitTwo (events.js:87:13)
14 verbose stack     at EventEmitter.emit (events.js:172:7)
14 verbose stack     at ChildProcess.<anonymous> (/usr/local/lib/node_modules/npm/lib/utils/spawn.js:24:14)
14 verbose stack     at emitTwo (events.js:87:13)
14 verbose stack     at ChildProcess.emit (events.js:172:7)
14 verbose stack     at maybeClose (internal/child_process.js:818:16)
14 verbose stack     at Process.ChildProcess._handle.onexit (internal/child_process.js:211:5)
15 verbose pkgid simple-blog-system@0.0.0
16 verbose cwd /home/dylan/Desktop/simple-blog-system
17 error Linux 3.13.0-66-generic
18 error argv "/usr/local/bin/node" "/usr/local/bin/npm" "run" "e2e"
19 error node v5.1.0
20 error npm  v3.5.0
21 error code ELIFECYCLE
22 error simple-blog-system@0.0.0 e2e: `protractor test/protractor-conf.js`
22 error Exit status 1
23 error Failed at the simple-blog-system@0.0.0 e2e script 'protractor test/protractor-conf.js'.
23 error Make sure you have the latest version of node.js and npm installed.
23 error If you do, this is most likely a problem with the simple-blog-system package,
23 error not with npm itself.
23 error Tell the author that this fails on your system:
23 error     protractor test/protractor-conf.js
23 error You can get their info via:
23 error     npm owner ls simple-blog-system
23 error There is likely additional logging output above.
24 verbose exit [ 1, true ]
