0 info it worked if it ends with ok
1 verbose cli [ '/usr/local/bin/node', '/usr/local/bin/npm', 'run', 'debug' ]
2 info using npm@3.5.0
3 info using node@v5.1.0
4 verbose run-script [ 'predebug', 'debug', 'postdebug' ]
5 info lifecycle blog-backend@0.0.0~predebug: blog-backend@0.0.0
6 silly lifecycle blog-backend@0.0.0~predebug: no script for predebug, continuing
7 info lifecycle blog-backend@0.0.0~debug: blog-backend@0.0.0
8 verbose lifecycle blog-backend@0.0.0~debug: unsafe-perm in lifecycle true
9 verbose lifecycle blog-backend@0.0.0~debug: PATH: /usr/local/lib/node_modules/npm/bin/node-gyp-bin:/home/dylan/Desktop/simple-blog-system/blog-backend/node_modules/.bin:/home/dylan/.autojump/bin:/usr/local/sbin:/usr/local/bin:/usr/sbin:/usr/bin:/sbin:/bin:/usr/games:/usr/local/games
10 verbose lifecycle blog-backend@0.0.0~debug: CWD: /home/dylan/Desktop/simple-blog-system/blog-backend
11 silly lifecycle blog-backend@0.0.0~debug: Args: [ '-c', 'node-inspector & node --debug ./bin/www' ]
12 silly lifecycle blog-backend@0.0.0~debug: Returned: code: 1  signal: null
13 info lifecycle blog-backend@0.0.0~debug: Failed to exec debug script
14 verbose stack Error: blog-backend@0.0.0 debug: `node-inspector & node --debug ./bin/www`
14 verbose stack Exit status 1
14 verbose stack     at EventEmitter.<anonymous> (/usr/local/lib/node_modules/npm/lib/utils/lifecycle.js:232:16)
14 verbose stack     at emitTwo (events.js:87:13)
14 verbose stack     at EventEmitter.emit (events.js:172:7)
14 verbose stack     at ChildProcess.<anonymous> (/usr/local/lib/node_modules/npm/lib/utils/spawn.js:24:14)
14 verbose stack     at emitTwo (events.js:87:13)
14 verbose stack     at ChildProcess.emit (events.js:172:7)
14 verbose stack     at maybeClose (internal/child_process.js:818:16)
14 verbose stack     at Process.ChildProcess._handle.onexit (internal/child_process.js:211:5)
15 verbose pkgid blog-backend@0.0.0
16 verbose cwd /home/dylan/Desktop/simple-blog-system/blog-backend
17 error Linux 3.13.0-66-generic
18 error argv "/usr/local/bin/node" "/usr/local/bin/npm" "run" "debug"
19 error node v5.1.0
20 error npm  v3.5.0
21 error code ELIFECYCLE
22 error blog-backend@0.0.0 debug: `node-inspector & node --debug ./bin/www`
22 error Exit status 1
23 error Failed at the blog-backend@0.0.0 debug script 'node-inspector & node --debug ./bin/www'.
23 error Make sure you have the latest version of node.js and npm installed.
23 error If you do, this is most likely a problem with the blog-backend package,
23 error not with npm itself.
23 error Tell the author that this fails on your system:
23 error     node-inspector & node --debug ./bin/www
23 error You can get their info via:
23 error     npm owner ls blog-backend
23 error There is likely additional logging output above.
24 verbose exit [ 1, true ]
